c:\users\frogger\documents\visual studio 2013\projects\comp5400\assignment1\assignment1\debug\assignment1.pch
c:\users\frogger\documents\visual studio 2013\projects\comp5400\assignment1\assignment1\debug\vc120.pdb
c:\users\frogger\documents\visual studio 2013\projects\comp5400\assignment1\assignment1\debug\vc120.idb
c:\users\frogger\documents\visual studio 2013\projects\comp5400\assignment1\assignment1\debug\stdafx.obj
c:\users\frogger\documents\visual studio 2013\projects\comp5400\assignment1\assignment1\debug\campus.obj
c:\users\frogger\documents\visual studio 2013\projects\comp5400\assignment1\assignment1\debug\shelby.obj
c:\users\frogger\documents\visual studio 2013\projects\comp5400\assignment1\assignment1\debug\wiggins.obj
c:\users\frogger\documents\visual studio 2013\projects\comp5400\assignment1\assignment1\debug\woltosz.obj
c:\users\frogger\documents\visual studio 2013\projects\comp5400\assignment1\assignment1\debug\broun.obj
c:\users\frogger\documents\visual studio 2013\projects\comp5400\assignment1\assignment1\debug\textile.obj
c:\users\frogger\documents\visual studio 2013\projects\comp5400\assignment1\assignment1\debug\shops.obj
c:\users\frogger\documents\visual studio 2013\projects\comp5400\assignment1\assignment1\debug\l.obj
c:\users\frogger\documents\visual studio 2013\projects\comp5400\assignment1\assignment1\debug\ramsay.obj
c:\users\frogger\documents\visual studio 2013\projects\comp5400\assignment1\assignment1\debug\wilmore.obj
c:\users\frogger\documents\visual studio 2013\projects\comp5400\assignment1\assignment1\debug\ross.obj
c:\users\frogger\documents\visual studio 2013\projects\comp5400\assignment1\assignment1\debug\harbert.obj
c:\users\frogger\documents\visual studio 2013\projects\comp5400\assignment1\assignment1\debug\davis.obj
c:\users\frogger\documents\visual studio 2013\projects\comp5400\assignment1\assignment1\debug\streets.obj
c:\users\frogger\documents\visual studio 2013\projects\comp5400\assignment1\assignment1\debug\stairs.obj
c:\users\frogger\documents\visual studio 2013\projects\comp5400\assignment1\debug\assignment1.ilk
c:\users\frogger\documents\visual studio 2013\projects\comp5400\assignment1\debug\assignment1.exe
c:\users\frogger\documents\visual studio 2013\projects\comp5400\assignment1\debug\assignment1.pdb
c:\users\frogger\documents\visual studio 2013\projects\comp5400\assignment1\assignment1\debug\assignment1.tlog\cl.command.1.tlog
c:\users\frogger\documents\visual studio 2013\projects\comp5400\assignment1\assignment1\debug\assignment1.tlog\cl.read.1.tlog
c:\users\frogger\documents\visual studio 2013\projects\comp5400\assignment1\assignment1\debug\assignment1.tlog\cl.write.1.tlog
c:\users\frogger\documents\visual studio 2013\projects\comp5400\assignment1\assignment1\debug\assignment1.tlog\link.command.1.tlog
c:\users\frogger\documents\visual studio 2013\projects\comp5400\assignment1\assignment1\debug\assignment1.tlog\link.read.1.tlog
c:\users\frogger\documents\visual studio 2013\projects\comp5400\assignment1\assignment1\debug\assignment1.tlog\link.write.1.tlog
