Build started 2/13/2016 12:54:24 PM.
     1>Project "C:\Users\Frogger\Documents\Visual Studio 2013\Projects\COMP5400\Assignment1\Assignment1\Assignment1.vcxproj" on node 2 (Build target(s)).
     1>ClCompile:
         C:\Program Files (x86)\Microsoft Visual Studio 12.0\VC\bin\CL.exe /c /ZI /nologo /W3 /WX- /sdl /Od /Oy- /D WIN32 /D _DEBUG /D _CONSOLE /D _LIB /D _UNICODE /D UNICODE /Gm /EHsc /RTC1 /MDd /GS /fp:precise /Zc:wchar_t /Zc:forScope /Yu"stdafx.h" /Fp"Debug\Assignment1.pch" /Fo"Debug\\" /Fd"Debug\vc120.pdb" /Gd /TP /analyze- /errorReport:prompt Campus.cpp
         Campus.cpp
     1>c:\users\frogger\documents\visual studio 2013\projects\comp5400\assignment1\assignment1\campus.cpp(4): warning C4627: '#include "types.h"': skipped when looking for precompiled header use
                 Add directive to 'stdafx.h' or rebuild precompiled header
       Link:
         C:\Program Files (x86)\Microsoft Visual Studio 12.0\VC\bin\link.exe /ERRORREPORT:PROMPT /OUT:"C:\Users\Frogger\Documents\Visual Studio 2013\Projects\COMP5400\Assignment1\Debug\Assignment1.exe" /INCREMENTAL /NOLOGO kernel32.lib user32.lib gdi32.lib winspool.lib comdlg32.lib advapi32.lib shell32.lib ole32.lib oleaut32.lib uuid.lib odbc32.lib odbccp32.lib opengl32.lib glut32.lib glu32.lib kernel32.lib user32.lib gdi32.lib winspool.lib comdlg32.lib advapi32.lib shell32.lib ole32.lib oleaut32.lib uuid.lib odbc32.lib odbccp32.lib /MANIFEST /MANIFESTUAC:"level='asInvoker' uiAccess='false'" /manifest:embed /DEBUG /PDB:"C:\Users\Frogger\Documents\Visual Studio 2013\Projects\COMP5400\Assignment1\Debug\Assignment1.pdb" /SUBSYSTEM:CONSOLE /TLBID:1 /DYNAMICBASE /NXCOMPAT /IMPLIB:"C:\Users\Frogger\Documents\Visual Studio 2013\Projects\COMP5400\Assignment1\Debug\Assignment1.lib" /MACHINE:X86 Debug\Broun.obj
         Debug\Campus.obj
         Debug\Davis.obj
         Debug\Harbert.obj
         Debug\L.obj
         Debug\Ramsay.obj
         Debug\Ross.obj
         Debug\Shelby.obj
         Debug\Shops.obj
         Debug\Stairs.obj
         Debug\Streets.obj
         Debug\Textile.obj
         Debug\Wiggins.obj
         Debug\stdafx.obj
         Debug\Wilmore.obj
         Debug\Woltosz.obj
         Assignment1.vcxproj -> C:\Users\Frogger\Documents\Visual Studio 2013\Projects\COMP5400\Assignment1\Debug\Assignment1.exe
     1>Done Building Project "C:\Users\Frogger\Documents\Visual Studio 2013\Projects\COMP5400\Assignment1\Assignment1\Assignment1.vcxproj" (Build target(s)).

Build succeeded.

Time Elapsed 00:00:06.07
